<?xml version="1.0" encoding="UTF-8"?>
<!-- Generated by org.testng.reporters.JUnitXMLReporter -->
<testsuite ignored="0" hostname="MSI" failures="0" tests="12" name="Login" time="22.368" errors="0" timestamp="2023-03-27T22:03:21 IST">
  <testcase classname="testCases.LogInTestCases" name="homePageEndToEndBasicFlow" time="5.479"/>
  <testcase classname="testCases.LogInTestCases" name="homePageEndToEndWithAlternetFlow" time="2.142"/>
  <testcase classname="testCases.LogInTestCases" name="verifyTheLogo" time="0.518"/>
  <testcase classname="testCases.LogInTestCases" name="verifyUserWithInvalidData" time="1.435"/>
  <testcase classname="testCases.LogInTestCases" name="verifyUserWithInvalidData" time="1.319"/>
  <testcase classname="testCases.LogInTestCases" name="verifyUserWithInvalidData" time="1.225"/>
  <testcase classname="testCases.LogInTestCases" name="verifyUserWithInvalidData" time="1.325"/>
  <testcase classname="testCases.LogInTestCases" name="verifyUserWithInvalidData" time="1.249"/>
  <testcase classname="testCases.LogInTestCases" name="verifyUserWithInvalidData" time="1.287"/>
  <testcase classname="testCases.LogInTestCases" name="verifyUserWithInvalidData" time="1.236"/>
  <testcase classname="testCases.LogInTestCases" name="verifyUserWithInvalidData" time="1.267"/>
  <testcase classname="testCases.LogInTestCases" name="verifyWithValidUser" time="1.261"/>
</testsuite> <!-- Login -->
