<?xml version="1.0" encoding="UTF-8"?>
<!-- Generated by org.testng.reporters.JUnitXMLReporter -->
<testsuite ignored="0" hostname="MSI" failures="0" tests="2" name="MakeAppointment" time="10.903" errors="0" timestamp="2023-03-27T22:03:32 IST">
  <testcase classname="testCases.MakeAppointmentTestCase" name="makeAppointmentEndToEnd" time="6.473"/>
  <testcase classname="testCases.MakeAppointmentTestCase" name="makeAppointmentEndToEndAlternetFlow" time="3.66"/>
</testsuite> <!-- MakeAppointment -->
