<?xml version="1.0" encoding="UTF-8"?>
<!-- Generated by org.testng.reporters.JUnitXMLReporter -->
<testsuite ignored="4" hostname="MSI" failures="1" tests="5" name="Test" time="25.469" errors="0" timestamp="2023-03-27T17:04:20 IST">
  <testcase classname="testCases.MakeAppointmentTestCase" name="makeAppointmentEndToEnd" time="7.394"/>
  <testcase classname="testCases.MakeAppointmentTestCase" name="makeAppointmentEndToEndAlternetFlow" time="5.836"/>
  <testcase classname="testCases.HistoryTestCases" name="HistoryEndToEnd" time="3.344"/>
  <testcase classname="testCases.HistoryTestCases" name="addingAppointmtDisplyInHisty" time="4.52"/>
  <testcase classname="testCases.ProfileTestCases" name="profileEndToEnd" time="1.734">
    <failure type="java.lang.NullPointerException" message="Cannot invoke &amp;quot;org.apache.log4j.Logger.info(Object)&amp;quot; because &amp;quot;this.logger&amp;quot; is null">
      <![CDATA[java.lang.NullPointerException: Cannot invoke "org.apache.log4j.Logger.info(Object)" because "this.logger" is null
at testCases.ProfileTestCases.profileEndToEnd(ProfileTestCases.java:15)
at java.base/java.util.ArrayList.forEach(ArrayList.java:1511)
... Removed 27 stack frames]]>
    </failure>
  </testcase> <!-- profileEndToEnd -->
  <testcase classname="utility.Base" name="@AfterTest tear" time="0.0">
    <ignored/>
  </testcase> <!-- @AfterTest tear -->
  <testcase classname="utility.Base" name="@AfterTest tear" time="0.0">
    <ignored/>
  </testcase> <!-- @AfterTest tear -->
  <testcase classname="utility.Base" name="@BeforeTest setup" time="0.0">
    <ignored/>
  </testcase> <!-- @BeforeTest setup -->
  <testcase classname="utility.Base" name="@BeforeTest setup" time="0.0">
    <ignored/>
  </testcase> <!-- @BeforeTest setup -->
</testsuite> <!-- Test -->
