<?xml version="1.0" encoding="UTF-8"?>
<!-- Generated by org.testng.reporters.JUnitXMLReporter -->
<testsuite ignored="6" hostname="MSI" failures="0" tests="17" name="Test" time="76.154" errors="0" timestamp="2023-04-14T18:13:54 IST">
  <testcase classname="testCases.ProfileTestCases" name="profileEndToEnd" time="7.773"/>
  <testcase classname="testCases.HistoryTestCases" name="HistoryEndToEnd" time="4.434"/>
  <testcase classname="testCases.HistoryTestCases" name="addingAppointmtDisplyInHisty" time="6.553"/>
  <testcase classname="testCases.MakeAppointmentTestCase" name="makeAppointmentEndToEnd" time="5.944"/>
  <testcase classname="testCases.MakeAppointmentTestCase" name="makeAppointmentEndToEndAlternetFlow" time="5.952"/>
  <testcase classname="testCases.LogInTestCases" name="homePageEndToEndBasicFlow" time="3.158"/>
  <testcase classname="testCases.LogInTestCases" name="homePageEndToEndWithAlternetFlow" time="3.672"/>
  <testcase classname="testCases.LogInTestCases" name="verifyTheLogo" time="0.683"/>
  <testcase classname="testCases.LogInTestCases" name="verifyUserWithInvalidData" time="2.648"/>
  <testcase classname="testCases.LogInTestCases" name="verifyUserWithInvalidData" time="2.066"/>
  <testcase classname="testCases.LogInTestCases" name="verifyUserWithInvalidData" time="1.959"/>
  <testcase classname="testCases.LogInTestCases" name="verifyUserWithInvalidData" time="2.262"/>
  <testcase classname="testCases.LogInTestCases" name="verifyUserWithInvalidData" time="1.749"/>
  <testcase classname="testCases.LogInTestCases" name="verifyUserWithInvalidData" time="1.724"/>
  <testcase classname="testCases.LogInTestCases" name="verifyUserWithInvalidData" time="1.972"/>
  <testcase classname="testCases.LogInTestCases" name="verifyUserWithInvalidData" time="2.43"/>
  <testcase classname="testCases.LogInTestCases" name="verifyWithValidUser" time="2.709"/>
  <testcase classname="utility.Base" name="@AfterTest tear" time="0.0">
    <ignored/>
  </testcase> <!-- @AfterTest tear -->
  <testcase classname="utility.Base" name="@AfterTest tear" time="0.0">
    <ignored/>
  </testcase> <!-- @AfterTest tear -->
  <testcase classname="utility.Base" name="@AfterTest tear" time="0.0">
    <ignored/>
  </testcase> <!-- @AfterTest tear -->
  <testcase classname="utility.Base" name="@BeforeTest setup" time="0.0">
    <ignored/>
  </testcase> <!-- @BeforeTest setup -->
  <testcase classname="utility.Base" name="@BeforeTest setup" time="0.0">
    <ignored/>
  </testcase> <!-- @BeforeTest setup -->
  <testcase classname="utility.Base" name="@BeforeTest setup" time="0.0">
    <ignored/>
  </testcase> <!-- @BeforeTest setup -->
</testsuite> <!-- Test -->
