<?xml version="1.0" encoding="UTF-8"?>
<!-- Generated by org.testng.reporters.JUnitXMLReporter -->
<testsuite ignored="0" hostname="MSI" failures="1" tests="2" name="Test" time="11.192" errors="0" timestamp="2023-03-26T15:55:16 IST">
  <testcase classname="testCases.MakeAppointmentTestCase" name="makeAppointmentEndToEnd" time="3.472">
    <failure type="java.lang.NullPointerException" message="Cannot invoke &amp;quot;org.apache.log4j.Logger.info(Object)&amp;quot; because &amp;quot;this.logger&amp;quot; is null">
      <![CDATA[java.lang.NullPointerException: Cannot invoke "org.apache.log4j.Logger.info(Object)" because "this.logger" is null
at testCases.LogInTestCases.verifyWithValidUser(LogInTestCases.java:36)
at testCases.MakeAppointmentTestCase.makeAppointmentEndToEnd(MakeAppointmentTestCase.java:15)
at java.base/java.util.ArrayList.forEach(ArrayList.java:1511)
... Removed 27 stack frames]]>
    </failure>
  </testcase> <!-- makeAppointmentEndToEnd -->
  <testcase classname="testCases.MakeAppointmentTestCase" name="makeAppointmentEndToEndAlternetFlow" time="5.411"/>
</testsuite> <!-- Test -->
