<?xml version="1.0" encoding="UTF-8"?>
<testng-results ignored="6" total="23" passed="17" failed="0" skipped="0">
  <reporter-output>
  </reporter-output>
  <suite started-at="2023-04-14T18:12:37 IST" name="HealthCura" finished-at="2023-04-14T18:13:53 IST" duration-ms="76154">
    <groups>
    </groups>
    <test started-at="2023-04-14T18:12:37 IST" name="Test" finished-at="2023-04-14T18:13:53 IST" duration-ms="76154">
      <class name="testCases.ProfileTestCases">
        <test-method is-config="true" signature="setup()[pri:0, instance:testCases.ProfileTestCases@3c7f66c4]" started-at="2023-04-14T18:12:38 IST" name="setup" finished-at="2023-04-14T18:12:53 IST" duration-ms="15621" status="PASS">
          <reporter-output>
          </reporter-output>
        </test-method> <!-- setup -->
        <test-method signature="profileEndToEnd()[pri:0, instance:testCases.ProfileTestCases@3c7f66c4]" started-at="2023-04-14T18:12:53 IST" name="profileEndToEnd" description="Profile Page End To End Test Case " finished-at="2023-04-14T18:13:01 IST" duration-ms="7773" status="PASS">
          <reporter-output>
          </reporter-output>
        </test-method> <!-- profileEndToEnd -->
        <test-method is-config="true" signature="tear()[pri:0, instance:testCases.ProfileTestCases@3c7f66c4]" started-at="2023-04-14T18:13:53 IST" name="tear" finished-at="2023-04-14T18:13:53 IST" duration-ms="319" status="PASS">
          <reporter-output>
          </reporter-output>
        </test-method> <!-- tear -->
      </class> <!-- testCases.ProfileTestCases -->
      <class name="testCases.LogInTestCases">
        <test-method signature="homePageEndToEndBasicFlow()[pri:0, instance:testCases.LogInTestCases@957e06]" started-at="2023-04-14T18:13:24 IST" name="homePageEndToEndBasicFlow" description="Home Page End To End Test Case Basic Flow" finished-at="2023-04-14T18:13:27 IST" duration-ms="3158" status="PASS">
          <reporter-output>
          </reporter-output>
        </test-method> <!-- homePageEndToEndBasicFlow -->
        <test-method signature="homePageEndToEndWithAlternetFlow()[pri:0, instance:testCases.LogInTestCases@957e06]" started-at="2023-04-14T18:13:27 IST" name="homePageEndToEndWithAlternetFlow" description="Home Page End To End Test Case with Alternet Flow" finished-at="2023-04-14T18:13:31 IST" duration-ms="3672" status="PASS">
          <reporter-output>
          </reporter-output>
        </test-method> <!-- homePageEndToEndWithAlternetFlow -->
        <test-method signature="verifyTheLogo()[pri:0, instance:testCases.LogInTestCases@957e06]" started-at="2023-04-14T18:13:31 IST" name="verifyTheLogo" description="Verify The Logo" finished-at="2023-04-14T18:13:32 IST" duration-ms="683" status="PASS">
          <reporter-output>
          </reporter-output>
        </test-method> <!-- verifyTheLogo -->
        <test-method signature="verifyUserWithInvalidData(java.lang.String,java.lang.String)[pri:0, instance:testCases.LogInTestCases@957e06]" started-at="2023-04-14T18:13:34 IST" name="verifyUserWithInvalidData" description="verify with invalid crediantial" data-provider="readData" finished-at="2023-04-14T18:13:36 IST" duration-ms="2648" status="PASS">
          <params>
            <param index="0">
              <value>
                <![CDATA[Admin]]>
              </value>
            </param>
            <param index="1">
              <value>
                <![CDATA[admin123]]>
              </value>
            </param>
          </params>
          <reporter-output>
          </reporter-output>
        </test-method> <!-- verifyUserWithInvalidData -->
        <test-method signature="verifyUserWithInvalidData(java.lang.String,java.lang.String)[pri:0, instance:testCases.LogInTestCases@957e06]" started-at="2023-04-14T18:13:36 IST" name="verifyUserWithInvalidData" description="verify with invalid crediantial" data-provider="readData" finished-at="2023-04-14T18:13:38 IST" duration-ms="2066" status="PASS">
          <params>
            <param index="0">
              <value>
                <![CDATA[kira]]>
              </value>
            </param>
            <param index="1">
              <value>
                <![CDATA[abcde]]>
              </value>
            </param>
          </params>
          <reporter-output>
          </reporter-output>
        </test-method> <!-- verifyUserWithInvalidData -->
        <test-method signature="verifyUserWithInvalidData(java.lang.String,java.lang.String)[pri:0, instance:testCases.LogInTestCases@957e06]" started-at="2023-04-14T18:13:38 IST" name="verifyUserWithInvalidData" description="verify with invalid crediantial" data-provider="readData" finished-at="2023-04-14T18:13:40 IST" duration-ms="1959" status="PASS">
          <params>
            <param index="0">
              <value>
                <![CDATA[Admin]]>
              </value>
            </param>
            <param index="1">
              <value>
                <![CDATA[ramaraju]]>
              </value>
            </param>
          </params>
          <reporter-output>
          </reporter-output>
        </test-method> <!-- verifyUserWithInvalidData -->
        <test-method signature="verifyUserWithInvalidData(java.lang.String,java.lang.String)[pri:0, instance:testCases.LogInTestCases@957e06]" started-at="2023-04-14T18:13:40 IST" name="verifyUserWithInvalidData" description="verify with invalid crediantial" data-provider="readData" finished-at="2023-04-14T18:13:43 IST" duration-ms="2262" status="PASS">
          <params>
            <param index="0">
              <value>
                <![CDATA[Admin]]>
              </value>
            </param>
            <param index="1">
              <value>
                <![CDATA[admin123]]>
              </value>
            </param>
          </params>
          <reporter-output>
          </reporter-output>
        </test-method> <!-- verifyUserWithInvalidData -->
        <test-method signature="verifyUserWithInvalidData(java.lang.String,java.lang.String)[pri:0, instance:testCases.LogInTestCases@957e06]" started-at="2023-04-14T18:13:43 IST" name="verifyUserWithInvalidData" description="verify with invalid crediantial" data-provider="readData" finished-at="2023-04-14T18:13:44 IST" duration-ms="1749" status="PASS">
          <params>
            <param index="0">
              <value>
                <![CDATA[prjwal@gmail.com]]>
              </value>
            </param>
            <param index="1">
              <value>
                <![CDATA[12345]]>
              </value>
            </param>
          </params>
          <reporter-output>
          </reporter-output>
        </test-method> <!-- verifyUserWithInvalidData -->
        <test-method signature="verifyUserWithInvalidData(java.lang.String,java.lang.String)[pri:0, instance:testCases.LogInTestCases@957e06]" started-at="2023-04-14T18:13:44 IST" name="verifyUserWithInvalidData" description="verify with invalid crediantial" data-provider="readData" finished-at="2023-04-14T18:13:46 IST" duration-ms="1724" status="PASS">
          <params>
            <param index="0">
              <value>
                <![CDATA[rama@gmail.com]]>
              </value>
            </param>
            <param index="1">
              <value>
                <![CDATA[abcde]]>
              </value>
            </param>
          </params>
          <reporter-output>
          </reporter-output>
        </test-method> <!-- verifyUserWithInvalidData -->
        <test-method signature="verifyUserWithInvalidData(java.lang.String,java.lang.String)[pri:0, instance:testCases.LogInTestCases@957e06]" started-at="2023-04-14T18:13:46 IST" name="verifyUserWithInvalidData" description="verify with invalid crediantial" data-provider="readData" finished-at="2023-04-14T18:13:48 IST" duration-ms="1972" status="PASS">
          <params>
            <param index="0">
              <value>
                <![CDATA[Rama@123]]>
              </value>
            </param>
            <param index="1">
              <value>
                <![CDATA[rama111]]>
              </value>
            </param>
          </params>
          <reporter-output>
          </reporter-output>
        </test-method> <!-- verifyUserWithInvalidData -->
        <test-method signature="verifyUserWithInvalidData(java.lang.String,java.lang.String)[pri:0, instance:testCases.LogInTestCases@957e06]" started-at="2023-04-14T18:13:48 IST" name="verifyUserWithInvalidData" description="verify with invalid crediantial" data-provider="readData" finished-at="2023-04-14T18:13:50 IST" duration-ms="2430" status="PASS">
          <params>
            <param index="0">
              <value>
                <![CDATA[kira@abc]]>
              </value>
            </param>
            <param index="1">
              <value>
                <![CDATA[kira@111]]>
              </value>
            </param>
          </params>
          <reporter-output>
          </reporter-output>
        </test-method> <!-- verifyUserWithInvalidData -->
        <test-method signature="verifyWithValidUser()[pri:0, instance:testCases.LogInTestCases@957e06]" started-at="2023-04-14T18:13:50 IST" name="verifyWithValidUser" description="verifying valid userName and Password" finished-at="2023-04-14T18:13:53 IST" duration-ms="2709" status="PASS">
          <reporter-output>
          </reporter-output>
        </test-method> <!-- verifyWithValidUser -->
      </class> <!-- testCases.LogInTestCases -->
      <class name="testCases.MakeAppointmentTestCase">
        <test-method signature="makeAppointmentEndToEnd()[pri:0, instance:testCases.MakeAppointmentTestCase@1de5f259]" started-at="2023-04-14T18:13:12 IST" name="makeAppointmentEndToEnd" description="Make Appointment End to End Test Case basic flow" finished-at="2023-04-14T18:13:18 IST" duration-ms="5944" status="PASS">
          <reporter-output>
          </reporter-output>
        </test-method> <!-- makeAppointmentEndToEnd -->
        <test-method signature="makeAppointmentEndToEndAlternetFlow()[pri:0, instance:testCases.MakeAppointmentTestCase@1de5f259]" started-at="2023-04-14T18:13:18 IST" name="makeAppointmentEndToEndAlternetFlow" description="Make Appointment End to End Test Case Alternet  flow" finished-at="2023-04-14T18:13:24 IST" duration-ms="5952" status="PASS">
          <reporter-output>
          </reporter-output>
        </test-method> <!-- makeAppointmentEndToEndAlternetFlow -->
      </class> <!-- testCases.MakeAppointmentTestCase -->
      <class name="testCases.HistoryTestCases">
        <test-method signature="HistoryEndToEnd()[pri:0, instance:testCases.HistoryTestCases@3e11f9e9]" started-at="2023-04-14T18:13:01 IST" name="HistoryEndToEnd" description="Histry Page End To End Test Cases" finished-at="2023-04-14T18:13:06 IST" duration-ms="4434" status="PASS">
          <reporter-output>
          </reporter-output>
        </test-method> <!-- HistoryEndToEnd -->
        <test-method signature="addingAppointmtDisplyInHisty()[pri:0, instance:testCases.HistoryTestCases@3e11f9e9]" started-at="2023-04-14T18:13:06 IST" name="addingAppointmtDisplyInHisty" description="Verify Added Appointment Displayed in History Page" finished-at="2023-04-14T18:13:12 IST" duration-ms="6553" status="PASS">
          <reporter-output>
          </reporter-output>
        </test-method> <!-- addingAppointmtDisplyInHisty -->
      </class> <!-- testCases.HistoryTestCases -->
    </test> <!-- Test -->
  </suite> <!-- HealthCura -->
</testng-results>
